c:\users\abhii\snakegame\build\snakegame.dir\debug\vc143.pdb
c:\users\abhii\snakegame\build\snakegame.dir\debug\snake.obj
c:\users\abhii\snakegame\build\snakegame.dir\debug\renderer.obj
c:\users\abhii\snakegame\build\snakegame.dir\debug\controller.obj
c:\users\abhii\snakegame\build\snakegame.dir\debug\game.obj
c:\users\abhii\snakegame\build\snakegame.dir\debug\main.obj
c:\users\abhii\snakegame\build\cmakefiles\generate.stamp
c:\users\abhii\snakegame\build\debug\snakegame.exe
c:\users\abhii\snakegame\build\debug\snakegame.pdb
c:\users\abhii\snakegame\build\snakegame.dir\debug\snakegame.ilk
c:\users\abhii\snakegame\build\snakegame.dir\debug\snakegame.tlog\cl.command.1.tlog
c:\users\abhii\snakegame\build\snakegame.dir\debug\snakegame.tlog\cl.items.tlog
c:\users\abhii\snakegame\build\snakegame.dir\debug\snakegame.tlog\cl.read.1.tlog
c:\users\abhii\snakegame\build\snakegame.dir\debug\snakegame.tlog\cl.write.1.tlog
c:\users\abhii\snakegame\build\snakegame.dir\debug\snakegame.tlog\custombuild.command.1.tlog
c:\users\abhii\snakegame\build\snakegame.dir\debug\snakegame.tlog\custombuild.read.1.tlog
c:\users\abhii\snakegame\build\snakegame.dir\debug\snakegame.tlog\custombuild.write.1.tlog
c:\users\abhii\snakegame\build\snakegame.dir\debug\snakegame.tlog\link.command.1.tlog
c:\users\abhii\snakegame\build\snakegame.dir\debug\snakegame.tlog\link.read.1.tlog
c:\users\abhii\snakegame\build\snakegame.dir\debug\snakegame.tlog\link.secondary.1.tlog
c:\users\abhii\snakegame\build\snakegame.dir\debug\snakegame.tlog\link.write.1.tlog
